----------------------------------------
ActivityId: ec42e92b-796e-4014-9ef7-7dee0248fa0c

Timestamp: 10/07/2025 09:50:25

Message: HandlingInstanceID: ef8f0d5d-7eff-4e68-8795-74231f29e29a
An exception of type 'System.Web.HttpException' occurred and was caught.
------------------------------------------------------------------------
07/10/2025 15:50:25
Type : System.Web.HttpException, System.Web, Version=4.0.0.0, Culture=neutral, PublicKeyToken=b03f5f7f11d50a3a
Message : ‹‹‹A potentially dangerous Request.Path value was detected from the client (:).›››
Source : System.Web
Help link : 
WebEventCode : ‹‹‹0›››
ErrorCode : ‹‹‹-2147467259›››
Data : ‹‹‹System.Collections.ListDictionaryInternal›››
TargetSite : ‹‹‹Void ValidateInputIfRequiredByConfig()›››
HResult : ‹‹‹-2147467259›››
Stack Trace :    at System.Web.HttpRequest.ValidateInputIfRequiredByConfig()
   at System.Web.HttpApplication.PipelineStepManager.ValidateHelper(HttpContext context)

Additional Info:

MachineName : SIAM
TimeStamp : 10/07/2025 09:50:25
FullName : Telerik.Sitefinity.Utilities, Version=15.3.8522.0, Culture=neutral, PublicKeyToken=b28c218413bdf563
AppDomainName : /LM/W3SVC/2/ROOT-1-133966100519346207
ThreadIdentity : 
WindowsIdentity : SIAM\Nafs
Requested URL : https://localhost:5001/Sitefinity/adminapp/pages/(sfedit/83c4a07f-a456-41f2-9f6b-1853f5b927b7/dialog:confirm/0.8847441440448165)?sf_culture=en&sf_provider=OpenAccessDataProvider&reload=0.9474733266979456


Category: ErrorLog

Priority: 0

EventId: 90000

Severity: Error

Title:Enterprise Library Exception Handling

Machine: SIAM

App Domain: /LM/W3SVC/2/ROOT-1-133966100519346207

ProcessId: 17544

Process Name: C:\Program Files\IIS Express\iisexpress.exe

Thread Name: 

Win32 ThreadId:23988

Extended Properties: 
----------------------------------------
